{"/home/j/Documentos/GitHub/semana-javascript-expert06/aula02/server/config.js": {"path":"/home/j/Documentos/GitHub/semana-javascript-expert06/aula02/server/config.js","statementMap":{"0":{"start":{"line":3,"column":19},"end":{"line":3,"column":58}},"1":{"start":{"line":4,"column":13},"end":{"line":4,"column":36}},"2":{"start":{"line":5,"column":23},"end":{"line":5,"column":42}},"3":{"start":{"line":6,"column":24},"end":{"line":6,"column":44}}},"fnMap":{},"branchMap":{"0":{"loc":{"start":{"line":10,"column":10},"end":{"line":10,"column":34}},"type":"binary-expr","locations":[{"start":{"line":10,"column":10},"end":{"line":10,"column":26}},{"start":{"line":10,"column":30},"end":{"line":10,"column":34}}],"line":10}},"s":{"0":4,"1":4,"2":4,"3":4},"f":{},"b":{"0":[4,4]},"_coverageSchema":"1a1c01bbd47fc00a2c39e90264f33305004495a9","hash":"d4bbccfc4f2089efc0cc0cfe9dfccade2ba03751"}
,"/home/j/Documentos/GitHub/semana-javascript-expert06/aula02/server/controller.js": {"path":"/home/j/Documentos/GitHub/semana-javascript-expert06/aula02/server/controller.js","statementMap":{"0":{"start":{"line":5,"column":8},"end":{"line":5,"column":36}},"1":{"start":{"line":9,"column":8},"end":{"line":9,"column":54}}},"fnMap":{"0":{"name":"(anonymous_0)","decl":{"start":{"line":4,"column":4},"end":{"line":4,"column":5}},"loc":{"start":{"line":4,"column":18},"end":{"line":6,"column":5}},"line":4},"1":{"name":"(anonymous_1)","decl":{"start":{"line":8,"column":4},"end":{"line":8,"column":5}},"loc":{"start":{"line":8,"column":34},"end":{"line":10,"column":5}},"line":8}},"branchMap":{},"s":{"0":3,"1":1},"f":{"0":3,"1":1},"b":{},"_coverageSchema":"1a1c01bbd47fc00a2c39e90264f33305004495a9","hash":"83f995197a6a283f87986127e40e802b2e546690"}
,"/home/j/Documentos/GitHub/semana-javascript-expert06/aula02/server/routes.js": {"path":"/home/j/Documentos/GitHub/semana-javascript-expert06/aula02/server/routes.js","statementMap":{"0":{"start":{"line":13,"column":4},"end":{"line":13,"column":10}},"1":{"start":{"line":15,"column":19},"end":{"line":15,"column":35}},"2":{"start":{"line":18,"column":28},"end":{"line":18,"column":35}},"3":{"start":{"line":20,"column":4},"end":{"line":26,"column":5}},"4":{"start":{"line":21,"column":8},"end":{"line":23,"column":10}},"5":{"start":{"line":25,"column":8},"end":{"line":25,"column":29}},"6":{"start":{"line":28,"column":4},"end":{"line":37,"column":5}},"7":{"start":{"line":31,"column":12},"end":{"line":31,"column":52}},"8":{"start":{"line":36,"column":8},"end":{"line":36,"column":36}},"9":{"start":{"line":39,"column":4},"end":{"line":45,"column":5}},"10":{"start":{"line":42,"column":12},"end":{"line":42,"column":58}},"11":{"start":{"line":44,"column":8},"end":{"line":44,"column":36}},"12":{"start":{"line":47,"column":4},"end":{"line":60,"column":5}},"13":{"start":{"line":51,"column":12},"end":{"line":51,"column":47}},"14":{"start":{"line":52,"column":28},"end":{"line":52,"column":46}},"15":{"start":{"line":53,"column":8},"end":{"line":57,"column":9}},"16":{"start":{"line":54,"column":12},"end":{"line":56,"column":14}},"17":{"start":{"line":59,"column":8},"end":{"line":59,"column":37}},"18":{"start":{"line":62,"column":4},"end":{"line":62,"column":27}},"19":{"start":{"line":63,"column":4},"end":{"line":63,"column":26}},"20":{"start":{"line":66,"column":4},"end":{"line":70,"column":5}},"21":{"start":{"line":67,"column":8},"end":{"line":67,"column":54}},"22":{"start":{"line":68,"column":8},"end":{"line":68,"column":32}},"23":{"start":{"line":69,"column":8},"end":{"line":69,"column":30}},"24":{"start":{"line":71,"column":4},"end":{"line":71,"column":55}},"25":{"start":{"line":72,"column":4},"end":{"line":72,"column":28}},"26":{"start":{"line":73,"column":4},"end":{"line":73,"column":26}},"27":{"start":{"line":77,"column":4},"end":{"line":78,"column":49}},"28":{"start":{"line":78,"column":22},"end":{"line":78,"column":48}}},"fnMap":{"0":{"name":"routes","decl":{"start":{"line":17,"column":15},"end":{"line":17,"column":21}},"loc":{"start":{"line":17,"column":41},"end":{"line":64,"column":1}},"line":17},"1":{"name":"handleError","decl":{"start":{"line":65,"column":9},"end":{"line":65,"column":20}},"loc":{"start":{"line":65,"column":38},"end":{"line":74,"column":1}},"line":65},"2":{"name":"handler","decl":{"start":{"line":76,"column":16},"end":{"line":76,"column":23}},"loc":{"start":{"line":76,"column":43},"end":{"line":79,"column":1}},"line":76},"3":{"name":"(anonymous_3)","decl":{"start":{"line":78,"column":15},"end":{"line":78,"column":16}},"loc":{"start":{"line":78,"column":22},"end":{"line":78,"column":48}},"line":78}},"branchMap":{"0":{"loc":{"start":{"line":20,"column":4},"end":{"line":26,"column":5}},"type":"if","locations":[{"start":{"line":20,"column":4},"end":{"line":26,"column":5}},{"start":{},"end":{}}],"line":20},"1":{"loc":{"start":{"line":20,"column":8},"end":{"line":20,"column":39}},"type":"binary-expr","locations":[{"start":{"line":20,"column":8},"end":{"line":20,"column":24}},{"start":{"line":20,"column":28},"end":{"line":20,"column":39}}],"line":20},"2":{"loc":{"start":{"line":28,"column":4},"end":{"line":37,"column":5}},"type":"if","locations":[{"start":{"line":28,"column":4},"end":{"line":37,"column":5}},{"start":{},"end":{}}],"line":28},"3":{"loc":{"start":{"line":28,"column":8},"end":{"line":28,"column":43}},"type":"binary-expr","locations":[{"start":{"line":28,"column":8},"end":{"line":28,"column":24}},{"start":{"line":28,"column":28},"end":{"line":28,"column":43}}],"line":28},"4":{"loc":{"start":{"line":39,"column":4},"end":{"line":45,"column":5}},"type":"if","locations":[{"start":{"line":39,"column":4},"end":{"line":45,"column":5}},{"start":{},"end":{}}],"line":39},"5":{"loc":{"start":{"line":39,"column":8},"end":{"line":39,"column":49}},"type":"binary-expr","locations":[{"start":{"line":39,"column":8},"end":{"line":39,"column":24}},{"start":{"line":39,"column":28},"end":{"line":39,"column":49}}],"line":39},"6":{"loc":{"start":{"line":47,"column":4},"end":{"line":60,"column":5}},"type":"if","locations":[{"start":{"line":47,"column":4},"end":{"line":60,"column":5}},{"start":{},"end":{}}],"line":47},"7":{"loc":{"start":{"line":53,"column":8},"end":{"line":57,"column":9}},"type":"if","locations":[{"start":{"line":53,"column":8},"end":{"line":57,"column":9}},{"start":{},"end":{}}],"line":53},"8":{"loc":{"start":{"line":66,"column":4},"end":{"line":70,"column":5}},"type":"if","locations":[{"start":{"line":66,"column":4},"end":{"line":70,"column":5}},{"start":{},"end":{}}],"line":66}},"s":{"0":2,"1":2,"2":9,"3":9,"4":2,"5":2,"6":7,"7":1,"8":1,"9":6,"10":1,"11":1,"12":5,"13":4,"14":2,"15":2,"16":1,"17":2,"18":1,"19":1,"20":2,"21":1,"22":1,"23":1,"24":1,"25":1,"26":1,"27":9,"28":2},"f":{"0":9,"1":2,"2":9,"3":2},"b":{"0":[2,7],"1":[9,8],"2":[1,6],"3":[7,6],"4":[1,5],"5":[6,5],"6":[4,1],"7":[1,1],"8":[1,1]},"_coverageSchema":"1a1c01bbd47fc00a2c39e90264f33305004495a9","hash":"5b6afa2442554f623704f8c9bcb4010b5fab85d7"}
,"/home/j/Documentos/GitHub/semana-javascript-expert06/aula02/server/service.js": {"path":"/home/j/Documentos/GitHub/semana-javascript-expert06/aula02/server/service.js","statementMap":{"0":{"start":{"line":10,"column":4},"end":{"line":10,"column":10}},"1":{"start":{"line":14,"column":8},"end":{"line":14,"column":44}},"2":{"start":{"line":19,"column":29},"end":{"line":19,"column":56}},"3":{"start":{"line":21,"column":8},"end":{"line":21,"column":46}},"4":{"start":{"line":22,"column":25},"end":{"line":22,"column":46}},"5":{"start":{"line":24,"column":8},"end":{"line":27,"column":9}},"6":{"start":{"line":34,"column":12},"end":{"line":34,"column":40}},"7":{"start":{"line":35,"column":8},"end":{"line":38,"column":9}}},"fnMap":{"0":{"name":"(anonymous_0)","decl":{"start":{"line":13,"column":4},"end":{"line":13,"column":5}},"loc":{"start":{"line":13,"column":31},"end":{"line":15,"column":5}},"line":13},"1":{"name":"(anonymous_1)","decl":{"start":{"line":17,"column":4},"end":{"line":17,"column":5}},"loc":{"start":{"line":17,"column":28},"end":{"line":28,"column":5}},"line":17},"2":{"name":"(anonymous_2)","decl":{"start":{"line":30,"column":4},"end":{"line":30,"column":5}},"loc":{"start":{"line":30,"column":30},"end":{"line":39,"column":5}},"line":30}},"branchMap":{},"s":{"0":4,"1":1,"2":2,"3":2,"4":2,"5":2,"6":1,"7":1},"f":{"0":1,"1":2,"2":1},"b":{},"_coverageSchema":"1a1c01bbd47fc00a2c39e90264f33305004495a9","hash":"49851ee4fbd707a55fa80a7e419b52474fc52747"}
,"/home/j/Documentos/GitHub/semana-javascript-expert06/aula02/server/utils.js": {"path":"/home/j/Documentos/GitHub/semana-javascript-expert06/aula02/server/utils.js","statementMap":{"0":{"start":{"line":4,"column":12},"end":{"line":12,"column":2}},"1":{"start":{"line":15,"column":22},"end":{"line":15,"column":25}}},"fnMap":{},"branchMap":{},"s":{"0":2,"1":2},"f":{},"b":{},"_coverageSchema":"1a1c01bbd47fc00a2c39e90264f33305004495a9","hash":"28d80795489c01bbcc2ca7c03adf743f7147027c"}
}
