TN:
SF:server/config.js
FNF:0
FNH:0
DA:3,4
DA:4,4
DA:5,4
DA:6,4
LF:4
LH:4
BRDA:10,0,0,4
BRDA:10,0,1,4
BRF:2
BRH:2
end_of_record
TN:
SF:server/controller.js
FN:4,(anonymous_0)
FN:8,(anonymous_1)
FNF:2
FNH:2
FNDA:3,(anonymous_0)
FNDA:1,(anonymous_1)
DA:5,3
DA:9,1
LF:2
LH:2
BRF:0
BRH:0
end_of_record
TN:
SF:server/routes.js
FN:17,routes
FN:65,handleError
FN:76,handler
FN:78,(anonymous_3)
FNF:4
FNH:4
FNDA:9,routes
FNDA:2,handleError
FNDA:9,handler
FNDA:2,(anonymous_3)
DA:13,2
DA:15,2
DA:18,9
DA:20,9
DA:21,2
DA:25,2
DA:28,7
DA:31,1
DA:36,1
DA:39,6
DA:42,1
DA:44,1
DA:47,5
DA:51,4
DA:52,2
DA:53,2
DA:54,1
DA:59,2
DA:62,1
DA:63,1
DA:66,2
DA:67,1
DA:68,1
DA:69,1
DA:71,1
DA:72,1
DA:73,1
DA:77,9
DA:78,2
LF:29
LH:29
BRDA:20,0,0,2
BRDA:20,0,1,7
BRDA:20,1,0,9
BRDA:20,1,1,8
BRDA:28,2,0,1
BRDA:28,2,1,6
BRDA:28,3,0,7
BRDA:28,3,1,6
BRDA:39,4,0,1
BRDA:39,4,1,5
BRDA:39,5,0,6
BRDA:39,5,1,5
BRDA:47,6,0,4
BRDA:47,6,1,1
BRDA:53,7,0,1
BRDA:53,7,1,1
BRDA:66,8,0,1
BRDA:66,8,1,1
BRF:18
BRH:18
end_of_record
TN:
SF:server/service.js
FN:13,(anonymous_0)
FN:17,(anonymous_1)
FN:30,(anonymous_2)
FNF:3
FNH:3
FNDA:1,(anonymous_0)
FNDA:2,(anonymous_1)
FNDA:1,(anonymous_2)
DA:10,4
DA:14,1
DA:19,2
DA:21,2
DA:22,2
DA:24,2
DA:34,1
DA:35,1
LF:8
LH:8
BRF:0
BRH:0
end_of_record
TN:
SF:server/utils.js
FNF:0
FNH:0
DA:4,2
DA:15,2
LF:2
LH:2
BRF:0
BRH:0
end_of_record
